<?xml version="1.0" encoding="UTF-8"?>
<!-- Generated by org.testng.reporters.JUnitXMLReporter -->
<testsuite ignored="9" hostname="DESKTOP-GFO15FD" failures="1" tests="1" name="RunAllClasses(failed)(failed)" time="0.077" errors="0" timestamp="2022-09-16T19:11:43 CDT">
  <testcase classname="test.Test3" name="MobileFeatures5" time="0.015">
    <failure type="java.lang.AssertionError" message="expected [true] but found [false]">
      <![CDATA[java.lang.AssertionError: expected [true] but found [false]
at test.Test3.MobileFeatures5(Test3.java:49)
at java.base/java.util.ArrayList.forEach(ArrayList.java:1511)
... Removed 31 stack frames]]>
    </failure>
  </testcase> <!-- MobileFeatures5 -->
  <testcase classname="test.Test3" name="AboutUs" time="0.0">
    <ignored/>
  </testcase> <!-- AboutUs -->
  <testcase classname="test.Test3" name="Features8" time="0.0">
    <ignored/>
  </testcase> <!-- Features8 -->
  <testcase classname="test.Test3" name="BuyRecord" time="0.0">
    <ignored/>
  </testcase> <!-- BuyRecord -->
  <testcase classname="test.Test3" name="MobileFeatures7" time="0.0">
    <ignored/>
  </testcase> <!-- MobileFeatures7 -->
  <testcase classname="test.Test3" name="FAQs" time="0.0">
    <ignored/>
  </testcase> <!-- FAQs -->
  <testcase classname="test.Test3" name="MobileFeatures3" time="0.0">
    <ignored/>
  </testcase> <!-- MobileFeatures3 -->
  <testcase classname="test.Test3" name="CartCheckOut" time="0.0">
    <ignored/>
  </testcase> <!-- CartCheckOut -->
  <testcase classname="test.Test3" name="Features4" time="0.0">
    <ignored/>
  </testcase> <!-- Features4 -->
  <testcase classname="test.Test3" name="ShoppingCart" time="0.0">
    <ignored/>
  </testcase> <!-- ShoppingCart -->
</testsuite> <!-- RunAllClasses(failed)(failed) -->
