<?xml version="1.0" encoding="UTF-8"?>
<!-- Generated by org.testng.reporters.JUnitXMLReporter -->
<testsuite ignored="2" hostname="DESKTOP-GFO15FD" failures="0" tests="1" name="Registers" time="0.057" errors="0" timestamp="2022-09-20T12:55:35 CDT">
  <testcase classname="test.Test4" name="WebRegister" time="0.011"/>
  <testcase classname="test.Test4" name="MobileRegister" time="0.0">
    <ignored/>
  </testcase> <!-- MobileRegister -->
  <testcase classname="test.Test4" name="APIHome" time="0.0">
    <ignored/>
  </testcase> <!-- APIHome -->
</testsuite> <!-- Registers -->
