<?xml version="1.0" encoding="UTF-8"?>
<!-- Generated by org.testng.reporters.JUnitXMLReporter -->
<testsuite ignored="17" hostname="DESKTOP-GFO15FD" failures="0" tests="3" name="Regression" time="0.062" errors="0" timestamp="2022-09-15T16:38:03 CDT">
  <testcase classname="test.Test3" name="MobileFeatures7" time="0.008"/>
  <testcase classname="test.Test4" name="APIHome" time="0.001"/>
  <testcase classname="test.Test5" name="Test5Method3" time="0.001"/>
  <testcase classname="test.Test3" name="AboutUs" time="0.0">
    <ignored/>
  </testcase> <!-- AboutUs -->
  <testcase classname="test.Test1" name="Login" time="0.0">
    <ignored/>
  </testcase> <!-- Login -->
  <testcase classname="test.Test4" name="WebRegister" time="0.0">
    <ignored/>
  </testcase> <!-- WebRegister -->
  <testcase classname="test.Test3" name="MobileFeatures4" time="0.0">
    <ignored/>
  </testcase> <!-- MobileFeatures4 -->
  <testcase classname="test.Test1" name="Register" time="0.0">
    <ignored/>
  </testcase> <!-- Register -->
  <testcase classname="test.Test5" name="Test5Method4" time="0.0">
    <ignored/>
  </testcase> <!-- Test5Method4 -->
  <testcase classname="test.Test4" name="MobileRegister" time="0.0">
    <ignored/>
  </testcase> <!-- MobileRegister -->
  <testcase classname="test.Test5" name="Test5Method6" time="0.0">
    <ignored/>
  </testcase> <!-- Test5Method6 -->
  <testcase classname="test.Test3" name="MobileFeatures8" time="0.0">
    <ignored/>
  </testcase> <!-- MobileFeatures8 -->
  <testcase classname="test.Test2" name="Blog" time="0.0">
    <ignored/>
  </testcase> <!-- Blog -->
  <testcase classname="test.Test3" name="BuyRecord" time="0.0">
    <ignored/>
  </testcase> <!-- BuyRecord -->
  <testcase classname="test.Test5" name="Test5Method2" time="0.0">
    <ignored/>
  </testcase> <!-- Test5Method2 -->
  <testcase classname="test.Test3" name="MobileFeatures5" time="0.0">
    <ignored/>
  </testcase> <!-- MobileFeatures5 -->
  <testcase classname="test.Test3" name="FAQs" time="0.0">
    <ignored/>
  </testcase> <!-- FAQs -->
  <testcase classname="test.Test3" name="MobileFeatures3" time="0.0">
    <ignored/>
  </testcase> <!-- MobileFeatures3 -->
  <testcase classname="test.Test3" name="ShoppingCart" time="0.0">
    <ignored/>
  </testcase> <!-- ShoppingCart -->
  <testcase classname="test.Test3" name="MobileFeatures2" time="0.0">
    <ignored/>
  </testcase> <!-- MobileFeatures2 -->
</testsuite> <!-- Regression -->
