<?xml version="1.0" encoding="UTF-8"?>
<!-- Generated by org.testng.reporters.JUnitXMLReporter -->
<testsuite ignored="1" hostname="DESKTOP-GFO15FD" failures="2" tests="24" name="RunAllPackage" time="0.152" errors="0" timestamp="2022-09-16T21:15:28 CDT">
  <testcase classname="test.Test1" name="Login" time="0.007"/>
  <testcase classname="test.Test1" name="Register" time="0.002"/>
  <testcase classname="test.Test2" name="Blog" time="0.002"/>
  <testcase classname="test.Test3" name="AboutUs" time="0.001"/>
  <testcase classname="test.Test3" name="BuyRecord" time="0.001"/>
  <testcase classname="test.Test3" name="CartCheckOut" time="0.001"/>
  <testcase classname="test.Test3" name="CartCheckOut" time="0.002"/>
  <testcase classname="test.Test3" name="CartCheckOut" time="0.002"/>
  <testcase classname="test.Test3" name="FAQs" time="0.002"/>
  <testcase classname="test.Test3" name="Features4" time="0.0">
    <failure type="org.testng.TestNGException" message="
Parameter &amp;apos;URL&amp;apos; is required by @Test on method Features4 but has not been marked @Optional or defined
in C:\Users\Abraham\eclipse-workspace\TestNGFrameWrk\testng2.xml">
      <![CDATA[org.testng.TestNGException: 
Parameter 'URL' is required by @Test on method Features4 but has not been marked @Optional or defined
in C:\Users\Abraham\eclipse-workspace\TestNGFrameWrk\testng2.xml
at java.base/java.util.ArrayList.forEach(ArrayList.java:1511)
... Removed 26 stack frames]]>
    </failure>
  </testcase> <!-- Features4 -->
  <testcase classname="test.Test3" name="Features8" time="0.001"/>
  <testcase classname="test.Test3" name="MobileFeatures3" time="0.001"/>
  <testcase classname="test.Test3" name="MobileFeatures5" time="0.008">
    <failure type="java.lang.AssertionError" message="expected [true] but found [false]">
      <![CDATA[java.lang.AssertionError: expected [true] but found [false]
at test.Test3.MobileFeatures5(Test3.java:49)
at java.base/java.util.ArrayList.forEach(ArrayList.java:1511)
... Removed 31 stack frames]]>
    </failure>
  </testcase> <!-- MobileFeatures5 -->
  <testcase classname="test.Test3" name="MobileFeatures7" time="0.002"/>
  <testcase classname="test.Test3" name="ShoppingCart" time="0.001"/>
  <testcase classname="test.Test4" name="APIHome" time="0.007"/>
  <testcase classname="test.Test4" name="MobileRegister" time="0.001"/>
  <testcase classname="test.Test4" name="WebRegister" time="0.0"/>
  <testcase classname="test.Test5" name="Test5Method3" time="0.001"/>
  <testcase classname="test.Test5" name="Test5Method6" time="0.001"/>
  <testcase classname="test.Test5" name="Test5Method8" time="0.002"/>
  <testcase classname="test.Test5" name="Test5Method9" time="0.006"/>
  <testcase classname="test.Test5" name="Test5Method2" time="0.001"/>
  <testcase classname="test.Test5" name="Test5Method4" time="0.001"/>
  <testcase classname="test.Test5" name="Test5Method10" time="0.0">
    <ignored/>
  </testcase> <!-- Test5Method10 -->
</testsuite> <!-- RunAllPackage -->
