<?xml version="1.0" encoding="UTF-8"?>
<!-- Generated by org.testng.reporters.JUnitXMLReporter -->
<testsuite ignored="1" hostname="DESKTOP-GFO15FD" failures="0" tests="9" name="RunAll" time="0.076" errors="0" timestamp="2022-09-14T22:58:43 CDT">
  <testcase classname="test.Test1" name="Login" time="0.009"/>
  <testcase classname="test.Test1" name="Register" time="0.002"/>
  <testcase classname="test.Test2" name="Blog" time="0.001"/>
  <testcase classname="test.Test3" name="AboutUs" time="0.001"/>
  <testcase classname="test.Test3" name="FAQs" time="0.001"/>
  <testcase classname="test.Test3" name="ShoppingCart" time="0.002"/>
  <testcase classname="test.Test4" name="APIHome" time="0.001"/>
  <testcase classname="test.Test4" name="MobileRegister" time="0.0"/>
  <testcase classname="test.Test4" name="WebRegister" time="0.001"/>
  <testcase classname="test.Test3" name="BuyRecord" time="0.0">
    <ignored/>
  </testcase> <!-- BuyRecord -->
</testsuite> <!-- RunAll -->
