<?xml version="1.0" encoding="UTF-8"?>
<!-- Generated by org.testng.reporters.JUnitXMLReporter -->
<testsuite ignored="0" hostname="DESKTOP-GFO15FD" failures="0" tests="20" name="RunAllPackage" time="0.099" errors="0" timestamp="2022-09-15T13:40:42 CDT">
  <testcase classname="test.Test1" name="Login" time="0.006"/>
  <testcase classname="test.Test1" name="Register" time="0.001"/>
  <testcase classname="test.Test2" name="Blog" time="0.001"/>
  <testcase classname="test.Test3" name="AboutUs" time="0.001"/>
  <testcase classname="test.Test3" name="BuyRecord" time="0.002"/>
  <testcase classname="test.Test3" name="FAQs" time="0.001"/>
  <testcase classname="test.Test3" name="MobileFeatures2" time="0.001"/>
  <testcase classname="test.Test3" name="MobileFeatures3" time="0.001"/>
  <testcase classname="test.Test3" name="MobileFeatures4" time="0.001"/>
  <testcase classname="test.Test3" name="MobileFeatures5" time="0.001"/>
  <testcase classname="test.Test3" name="MobileFeatures7" time="0.002"/>
  <testcase classname="test.Test3" name="MobileFeatures8" time="0.001"/>
  <testcase classname="test.Test3" name="ShoppingCart" time="0.001"/>
  <testcase classname="test.Test4" name="APIHome" time="0.002"/>
  <testcase classname="test.Test4" name="MobileRegister" time="0.001"/>
  <testcase classname="test.Test4" name="WebRegister" time="0.001"/>
  <testcase classname="test.Test5" name="Test5Method2" time="0.002"/>
  <testcase classname="test.Test5" name="Test5Method3" time="0.001"/>
  <testcase classname="test.Test5" name="Test5Method4" time="0.001"/>
  <testcase classname="test.Test5" name="Test5Method6" time="0.001"/>
</testsuite> <!-- RunAllPackage -->
