<?xml version="1.0" encoding="UTF-8"?>
<!-- Generated by org.testng.reporters.JUnitXMLReporter -->
<testsuite ignored="1" hostname="DESKTOP-GFO15FD" failures="0" tests="3" name="Shopping" time="0.007" errors="0" timestamp="2022-09-14T22:58:43 CDT">
  <testcase classname="test.Test3" name="AboutUs" time="0.001"/>
  <testcase classname="test.Test3" name="BuyRecord" time="0.001"/>
  <testcase classname="test.Test3" name="ShoppingCart" time="0.001"/>
  <testcase classname="test.Test3" name="FAQs" time="0.0">
    <ignored/>
  </testcase> <!-- FAQs -->
</testsuite> <!-- Shopping -->
