<?xml version="1.0" encoding="UTF-8"?>
<!-- Generated by org.testng.reporters.JUnitXMLReporter -->
<testsuite ignored="3" hostname="DESKTOP-GFO15FD" failures="0" tests="9" name="Shopping" time="0.155" errors="0" timestamp="2022-09-16T22:07:27 CDT">
  <testcase classname="test.Test3" name="AboutUs" time="0.016"/>
  <testcase classname="test.Test3" name="BuyRecord" time="0.01"/>
  <testcase classname="test.Test3" name="CartCheckOut" time="0.004"/>
  <testcase classname="test.Test3" name="CartCheckOut" time="0.001"/>
  <testcase classname="test.Test3" name="CartCheckOut" time="0.002"/>
  <testcase classname="test.Test3" name="FAQs" time="0.004"/>
  <testcase classname="test.Test3" name="Features4" time="0.002"/>
  <testcase classname="test.Test3" name="Features8" time="0.001"/>
  <testcase classname="test.Test3" name="ShoppingCart" time="0.001"/>
  <testcase classname="test.Test3" name="MobileFeatures7" time="0.0">
    <ignored/>
  </testcase> <!-- MobileFeatures7 -->
  <testcase classname="test.Test3" name="MobileFeatures5" time="0.0">
    <ignored/>
  </testcase> <!-- MobileFeatures5 -->
  <testcase classname="test.Test3" name="MobileFeatures3" time="0.0">
    <ignored/>
  </testcase> <!-- MobileFeatures3 -->
</testsuite> <!-- Shopping -->
