<?xml version="1.0" encoding="UTF-8"?>
<!-- Generated by org.testng.reporters.JUnitXMLReporter -->
<testsuite ignored="0" hostname="DESKTOP-GFO15FD" failures="0" tests="7" name="Test" time="0.088" errors="0" timestamp="2022-09-14T22:25:16 CDT">
  <testcase classname="test.Test1" name="Login" time="0.011"/>
  <testcase classname="test.Test1" name="Register" time="0.002"/>
  <testcase classname="test.Test2" name="Blog" time="0.001"/>
  <testcase classname="test.Test3" name="ShoppingCart" time="0.002"/>
  <testcase classname="test.Test4" name="APIHome" time="0.001"/>
  <testcase classname="test.Test4" name="MobileRegister" time="0.001"/>
  <testcase classname="test.Test4" name="WebRegister" time="0.001"/>
</testsuite> <!-- Test -->
